Terminaux inutilisés dans la grammaire

   ID


Grammaire

    0 $accept: start $end

    1 start: pbrt_stmt_list

    2 array_init: %empty

    3 string_array_init: %empty

    4 num_array_init: %empty

    5 array: string_array
    6      | num_array

    7 string_array: array_init LBRACK string_list RBRACK
    8             | single_element_string_array

    9 single_element_string_array: array_init string_list_entry

   10 string_list: string_list string_list_entry
   11            | string_list_entry

   12 string_list_entry: string_array_init STRING

   13 num_array: array_init LBRACK num_list RBRACK
   14          | single_element_num_array

   15 single_element_num_array: array_init num_list_entry

   16 num_list: num_list num_list_entry
   17         | num_list_entry

   18 num_list_entry: num_array_init NUM

   19 paramlist: paramlist_init paramlist_contents

   20 paramlist_init: %empty

   21 paramlist_contents: paramlist_entry paramlist_contents
   22                   | %empty

   23 paramlist_entry: STRING array

   24 pbrt_stmt_list: pbrt_stmt_list pbrt_stmt
   25               | pbrt_stmt

   26 pbrt_stmt: ACCELERATOR STRING paramlist
   27          | ACTIVETRANSFORM ALL
   28          | ACTIVETRANSFORM ENDTIME
   29          | ACTIVETRANSFORM STARTTIME
   30          | AREALIGHTSOURCE STRING paramlist
   31          | ATTRIBUTEBEGIN
   32          | ATTRIBUTEEND
   33          | CAMERA STRING paramlist
   34          | CONCATTRANSFORM num_array
   35          | COORDINATESYSTEM STRING
   36          | COORDSYSTRANSFORM STRING
   37          | FILM STRING paramlist
   38          | IDENTITY
   39          | INCLUDE STRING
   40          | LIGHTSOURCE STRING paramlist
   41          | LOOKAT NUM NUM NUM NUM NUM NUM NUM NUM NUM
   42          | MAKENAMEDMATERIAL STRING paramlist
   43          | MAKENAMEDMEDIUM STRING paramlist
   44          | MATERIAL STRING paramlist
   45          | MEDIUMINTERFACE STRING
   46          | MEDIUMINTERFACE STRING STRING
   47          | NAMEDMATERIAL STRING
   48          | OBJECTBEGIN STRING
   49          | OBJECTEND
   50          | OBJECTINSTANCE STRING
   51          | PIXELFILTER STRING paramlist
   52          | REVERSEORIENTATION
   53          | ROTATE NUM NUM NUM NUM
   54          | SAMPLER STRING paramlist
   55          | EXTRACTOR STRING paramlist
   56          | SCALE NUM NUM NUM
   57          | SHAPE STRING paramlist
   58          | INTEGRATOR STRING paramlist
   59          | TEXTURE STRING STRING STRING paramlist
   60          | TRANSFORMBEGIN
   61          | TRANSFORMEND
   62          | TRANSFORMTIMES NUM NUM
   63          | TRANSFORM num_array
   64          | TRANSLATE NUM NUM NUM
   65          | WORLDBEGIN
   66          | WORLDEND


Terminaux, suivis des règles où ils apparaissent

$end (0) 0
error (256)
STRING (258) 12 23 26 30 33 35 36 37 39 40 42 43 44 45 46 47 48 50
    51 54 55 57 58 59
ID (259)
NUM (260) 18 41 53 56 62 64
LBRACK (261) 7 13
RBRACK (262) 7 13
ACCELERATOR (263) 26
ACTIVETRANSFORM (264) 27 28 29
ALL (265) 27
AREALIGHTSOURCE (266) 30
ATTRIBUTEBEGIN (267) 31
ATTRIBUTEEND (268) 32
CAMERA (269) 33
CONCATTRANSFORM (270) 34
COORDINATESYSTEM (271) 35
COORDSYSTRANSFORM (272) 36
ENDTIME (273) 28
EXTRACTOR (274) 55
FILM (275) 37
IDENTITY (276) 38
INCLUDE (277) 39
LIGHTSOURCE (278) 40
LOOKAT (279) 41
MAKENAMEDMATERIAL (280) 42
MAKENAMEDMEDIUM (281) 43
MATERIAL (282) 44
MEDIUMINTERFACE (283) 45 46
NAMEDMATERIAL (284) 47
OBJECTBEGIN (285) 48
OBJECTEND (286) 49
OBJECTINSTANCE (287) 50
PIXELFILTER (288) 51
REVERSEORIENTATION (289) 52
ROTATE (290) 53
SAMPLER (291) 54
SCALE (292) 56
SHAPE (293) 57
STARTTIME (294) 29
INTEGRATOR (295) 58
TEXTURE (296) 59
TRANSFORMBEGIN (297) 60
TRANSFORMEND (298) 61
TRANSFORMTIMES (299) 62
TRANSFORM (300) 63
TRANSLATE (301) 64
WORLDBEGIN (302) 65
WORLDEND (303) 66
HIGH_PRECEDENCE (304)


Non-terminaux, suivis des règles où ils apparaissent

$accept (50)
    à gauche: 0
start (51)
    à gauche: 1, à droite: 0
array_init (52)
    à gauche: 2, à droite: 7 9 13 15
string_array_init (53)
    à gauche: 3, à droite: 12
num_array_init (54)
    à gauche: 4, à droite: 18
array (55)
    à gauche: 5 6, à droite: 23
string_array (56)
    à gauche: 7 8, à droite: 5
single_element_string_array (57)
    à gauche: 9, à droite: 8
string_list (58)
    à gauche: 10 11, à droite: 7 10
string_list_entry (59)
    à gauche: 12, à droite: 9 10 11
num_array (60)
    à gauche: 13 14, à droite: 6 34 63
single_element_num_array (61)
    à gauche: 15, à droite: 14
num_list (62)
    à gauche: 16 17, à droite: 13 16
num_list_entry (63)
    à gauche: 18, à droite: 15 16 17
paramlist (64)
    à gauche: 19, à droite: 26 30 33 37 40 42 43 44 51 54 55 57 58
    59
paramlist_init (65)
    à gauche: 20, à droite: 19
paramlist_contents (66)
    à gauche: 21 22, à droite: 19 21
paramlist_entry (67)
    à gauche: 23, à droite: 21
pbrt_stmt_list (68)
    à gauche: 24 25, à droite: 1 24
pbrt_stmt (69)
    à gauche: 26 27 28 29 30 31 32 33 34 35 36 37 38 39 40 41 42 43
    44 45 46 47 48 49 50 51 52 53 54 55 56 57 58 59 60 61 62 63 64
    65 66, à droite: 24 25


État 0

    0 $accept: . start $end

    ACCELERATOR         décalage et aller à l'état 1
    ACTIVETRANSFORM     décalage et aller à l'état 2
    AREALIGHTSOURCE     décalage et aller à l'état 3
    ATTRIBUTEBEGIN      décalage et aller à l'état 4
    ATTRIBUTEEND        décalage et aller à l'état 5
    CAMERA              décalage et aller à l'état 6
    CONCATTRANSFORM     décalage et aller à l'état 7
    COORDINATESYSTEM    décalage et aller à l'état 8
    COORDSYSTRANSFORM   décalage et aller à l'état 9
    EXTRACTOR           décalage et aller à l'état 10
    FILM                décalage et aller à l'état 11
    IDENTITY            décalage et aller à l'état 12
    INCLUDE             décalage et aller à l'état 13
    LIGHTSOURCE         décalage et aller à l'état 14
    LOOKAT              décalage et aller à l'état 15
    MAKENAMEDMATERIAL   décalage et aller à l'état 16
    MAKENAMEDMEDIUM     décalage et aller à l'état 17
    MATERIAL            décalage et aller à l'état 18
    MEDIUMINTERFACE     décalage et aller à l'état 19
    NAMEDMATERIAL       décalage et aller à l'état 20
    OBJECTBEGIN         décalage et aller à l'état 21
    OBJECTEND           décalage et aller à l'état 22
    OBJECTINSTANCE      décalage et aller à l'état 23
    PIXELFILTER         décalage et aller à l'état 24
    REVERSEORIENTATION  décalage et aller à l'état 25
    ROTATE              décalage et aller à l'état 26
    SAMPLER             décalage et aller à l'état 27
    SCALE               décalage et aller à l'état 28
    SHAPE               décalage et aller à l'état 29
    INTEGRATOR          décalage et aller à l'état 30
    TEXTURE             décalage et aller à l'état 31
    TRANSFORMBEGIN      décalage et aller à l'état 32
    TRANSFORMEND        décalage et aller à l'état 33
    TRANSFORMTIMES      décalage et aller à l'état 34
    TRANSFORM           décalage et aller à l'état 35
    TRANSLATE           décalage et aller à l'état 36
    WORLDBEGIN          décalage et aller à l'état 37
    WORLDEND            décalage et aller à l'état 38

    start           aller à l'état 39
    pbrt_stmt_list  aller à l'état 40
    pbrt_stmt       aller à l'état 41


État 1

   26 pbrt_stmt: ACCELERATOR . STRING paramlist

    STRING  décalage et aller à l'état 42


État 2

   27 pbrt_stmt: ACTIVETRANSFORM . ALL
   28          | ACTIVETRANSFORM . ENDTIME
   29          | ACTIVETRANSFORM . STARTTIME

    ALL        décalage et aller à l'état 43
    ENDTIME    décalage et aller à l'état 44
    STARTTIME  décalage et aller à l'état 45


État 3

   30 pbrt_stmt: AREALIGHTSOURCE . STRING paramlist

    STRING  décalage et aller à l'état 46


État 4

   31 pbrt_stmt: ATTRIBUTEBEGIN .

    $défaut  réduction par utilisation de la règle 31 (pbrt_stmt)


État 5

   32 pbrt_stmt: ATTRIBUTEEND .

    $défaut  réduction par utilisation de la règle 32 (pbrt_stmt)


État 6

   33 pbrt_stmt: CAMERA . STRING paramlist

    STRING  décalage et aller à l'état 47


État 7

   34 pbrt_stmt: CONCATTRANSFORM . num_array

    $défaut  réduction par utilisation de la règle 2 (array_init)

    array_init                aller à l'état 48
    num_array                 aller à l'état 49
    single_element_num_array  aller à l'état 50


État 8

   35 pbrt_stmt: COORDINATESYSTEM . STRING

    STRING  décalage et aller à l'état 51


État 9

   36 pbrt_stmt: COORDSYSTRANSFORM . STRING

    STRING  décalage et aller à l'état 52


État 10

   55 pbrt_stmt: EXTRACTOR . STRING paramlist

    STRING  décalage et aller à l'état 53


État 11

   37 pbrt_stmt: FILM . STRING paramlist

    STRING  décalage et aller à l'état 54


État 12

   38 pbrt_stmt: IDENTITY .

    $défaut  réduction par utilisation de la règle 38 (pbrt_stmt)


État 13

   39 pbrt_stmt: INCLUDE . STRING

    STRING  décalage et aller à l'état 55


État 14

   40 pbrt_stmt: LIGHTSOURCE . STRING paramlist

    STRING  décalage et aller à l'état 56


État 15

   41 pbrt_stmt: LOOKAT . NUM NUM NUM NUM NUM NUM NUM NUM NUM

    NUM  décalage et aller à l'état 57


État 16

   42 pbrt_stmt: MAKENAMEDMATERIAL . STRING paramlist

    STRING  décalage et aller à l'état 58


État 17

   43 pbrt_stmt: MAKENAMEDMEDIUM . STRING paramlist

    STRING  décalage et aller à l'état 59


État 18

   44 pbrt_stmt: MATERIAL . STRING paramlist

    STRING  décalage et aller à l'état 60


État 19

   45 pbrt_stmt: MEDIUMINTERFACE . STRING
   46          | MEDIUMINTERFACE . STRING STRING

    STRING  décalage et aller à l'état 61


État 20

   47 pbrt_stmt: NAMEDMATERIAL . STRING

    STRING  décalage et aller à l'état 62


État 21

   48 pbrt_stmt: OBJECTBEGIN . STRING

    STRING  décalage et aller à l'état 63


État 22

   49 pbrt_stmt: OBJECTEND .

    $défaut  réduction par utilisation de la règle 49 (pbrt_stmt)


État 23

   50 pbrt_stmt: OBJECTINSTANCE . STRING

    STRING  décalage et aller à l'état 64


État 24

   51 pbrt_stmt: PIXELFILTER . STRING paramlist

    STRING  décalage et aller à l'état 65


État 25

   52 pbrt_stmt: REVERSEORIENTATION .

    $défaut  réduction par utilisation de la règle 52 (pbrt_stmt)


État 26

   53 pbrt_stmt: ROTATE . NUM NUM NUM NUM

    NUM  décalage et aller à l'état 66


État 27

   54 pbrt_stmt: SAMPLER . STRING paramlist

    STRING  décalage et aller à l'état 67


État 28

   56 pbrt_stmt: SCALE . NUM NUM NUM

    NUM  décalage et aller à l'état 68


État 29

   57 pbrt_stmt: SHAPE . STRING paramlist

    STRING  décalage et aller à l'état 69


État 30

   58 pbrt_stmt: INTEGRATOR . STRING paramlist

    STRING  décalage et aller à l'état 70


État 31

   59 pbrt_stmt: TEXTURE . STRING STRING STRING paramlist

    STRING  décalage et aller à l'état 71


État 32

   60 pbrt_stmt: TRANSFORMBEGIN .

    $défaut  réduction par utilisation de la règle 60 (pbrt_stmt)


État 33

   61 pbrt_stmt: TRANSFORMEND .

    $défaut  réduction par utilisation de la règle 61 (pbrt_stmt)


État 34

   62 pbrt_stmt: TRANSFORMTIMES . NUM NUM

    NUM  décalage et aller à l'état 72


État 35

   63 pbrt_stmt: TRANSFORM . num_array

    $défaut  réduction par utilisation de la règle 2 (array_init)

    array_init                aller à l'état 48
    num_array                 aller à l'état 73
    single_element_num_array  aller à l'état 50


État 36

   64 pbrt_stmt: TRANSLATE . NUM NUM NUM

    NUM  décalage et aller à l'état 74


État 37

   65 pbrt_stmt: WORLDBEGIN .

    $défaut  réduction par utilisation de la règle 65 (pbrt_stmt)


État 38

   66 pbrt_stmt: WORLDEND .

    $défaut  réduction par utilisation de la règle 66 (pbrt_stmt)


État 39

    0 $accept: start . $end

    $end  décalage et aller à l'état 75


État 40

    1 start: pbrt_stmt_list .
   24 pbrt_stmt_list: pbrt_stmt_list . pbrt_stmt

    ACCELERATOR         décalage et aller à l'état 1
    ACTIVETRANSFORM     décalage et aller à l'état 2
    AREALIGHTSOURCE     décalage et aller à l'état 3
    ATTRIBUTEBEGIN      décalage et aller à l'état 4
    ATTRIBUTEEND        décalage et aller à l'état 5
    CAMERA              décalage et aller à l'état 6
    CONCATTRANSFORM     décalage et aller à l'état 7
    COORDINATESYSTEM    décalage et aller à l'état 8
    COORDSYSTRANSFORM   décalage et aller à l'état 9
    EXTRACTOR           décalage et aller à l'état 10
    FILM                décalage et aller à l'état 11
    IDENTITY            décalage et aller à l'état 12
    INCLUDE             décalage et aller à l'état 13
    LIGHTSOURCE         décalage et aller à l'état 14
    LOOKAT              décalage et aller à l'état 15
    MAKENAMEDMATERIAL   décalage et aller à l'état 16
    MAKENAMEDMEDIUM     décalage et aller à l'état 17
    MATERIAL            décalage et aller à l'état 18
    MEDIUMINTERFACE     décalage et aller à l'état 19
    NAMEDMATERIAL       décalage et aller à l'état 20
    OBJECTBEGIN         décalage et aller à l'état 21
    OBJECTEND           décalage et aller à l'état 22
    OBJECTINSTANCE      décalage et aller à l'état 23
    PIXELFILTER         décalage et aller à l'état 24
    REVERSEORIENTATION  décalage et aller à l'état 25
    ROTATE              décalage et aller à l'état 26
    SAMPLER             décalage et aller à l'état 27
    SCALE               décalage et aller à l'état 28
    SHAPE               décalage et aller à l'état 29
    INTEGRATOR          décalage et aller à l'état 30
    TEXTURE             décalage et aller à l'état 31
    TRANSFORMBEGIN      décalage et aller à l'état 32
    TRANSFORMEND        décalage et aller à l'état 33
    TRANSFORMTIMES      décalage et aller à l'état 34
    TRANSFORM           décalage et aller à l'état 35
    TRANSLATE           décalage et aller à l'état 36
    WORLDBEGIN          décalage et aller à l'état 37
    WORLDEND            décalage et aller à l'état 38

    $défaut  réduction par utilisation de la règle 1 (start)

    pbrt_stmt  aller à l'état 76


État 41

   25 pbrt_stmt_list: pbrt_stmt .

    $défaut  réduction par utilisation de la règle 25 (pbrt_stmt_list)


État 42

   26 pbrt_stmt: ACCELERATOR STRING . paramlist

    $défaut  réduction par utilisation de la règle 20 (paramlist_init)

    paramlist       aller à l'état 77
    paramlist_init  aller à l'état 78


État 43

   27 pbrt_stmt: ACTIVETRANSFORM ALL .

    $défaut  réduction par utilisation de la règle 27 (pbrt_stmt)


État 44

   28 pbrt_stmt: ACTIVETRANSFORM ENDTIME .

    $défaut  réduction par utilisation de la règle 28 (pbrt_stmt)


État 45

   29 pbrt_stmt: ACTIVETRANSFORM STARTTIME .

    $défaut  réduction par utilisation de la règle 29 (pbrt_stmt)


État 46

   30 pbrt_stmt: AREALIGHTSOURCE STRING . paramlist

    $défaut  réduction par utilisation de la règle 20 (paramlist_init)

    paramlist       aller à l'état 79
    paramlist_init  aller à l'état 78


État 47

   33 pbrt_stmt: CAMERA STRING . paramlist

    $défaut  réduction par utilisation de la règle 20 (paramlist_init)

    paramlist       aller à l'état 80
    paramlist_init  aller à l'état 78


État 48

   13 num_array: array_init . LBRACK num_list RBRACK
   15 single_element_num_array: array_init . num_list_entry

    LBRACK  décalage et aller à l'état 81

    $défaut  réduction par utilisation de la règle 4 (num_array_init)

    num_array_init  aller à l'état 82
    num_list_entry  aller à l'état 83


État 49

   34 pbrt_stmt: CONCATTRANSFORM num_array .

    $défaut  réduction par utilisation de la règle 34 (pbrt_stmt)


État 50

   14 num_array: single_element_num_array .

    $défaut  réduction par utilisation de la règle 14 (num_array)


État 51

   35 pbrt_stmt: COORDINATESYSTEM STRING .

    $défaut  réduction par utilisation de la règle 35 (pbrt_stmt)


État 52

   36 pbrt_stmt: COORDSYSTRANSFORM STRING .

    $défaut  réduction par utilisation de la règle 36 (pbrt_stmt)


État 53

   55 pbrt_stmt: EXTRACTOR STRING . paramlist

    $défaut  réduction par utilisation de la règle 20 (paramlist_init)

    paramlist       aller à l'état 84
    paramlist_init  aller à l'état 78


État 54

   37 pbrt_stmt: FILM STRING . paramlist

    $défaut  réduction par utilisation de la règle 20 (paramlist_init)

    paramlist       aller à l'état 85
    paramlist_init  aller à l'état 78


État 55

   39 pbrt_stmt: INCLUDE STRING .

    $défaut  réduction par utilisation de la règle 39 (pbrt_stmt)


État 56

   40 pbrt_stmt: LIGHTSOURCE STRING . paramlist

    $défaut  réduction par utilisation de la règle 20 (paramlist_init)

    paramlist       aller à l'état 86
    paramlist_init  aller à l'état 78


État 57

   41 pbrt_stmt: LOOKAT NUM . NUM NUM NUM NUM NUM NUM NUM NUM

    NUM  décalage et aller à l'état 87


État 58

   42 pbrt_stmt: MAKENAMEDMATERIAL STRING . paramlist

    $défaut  réduction par utilisation de la règle 20 (paramlist_init)

    paramlist       aller à l'état 88
    paramlist_init  aller à l'état 78


État 59

   43 pbrt_stmt: MAKENAMEDMEDIUM STRING . paramlist

    $défaut  réduction par utilisation de la règle 20 (paramlist_init)

    paramlist       aller à l'état 89
    paramlist_init  aller à l'état 78


État 60

   44 pbrt_stmt: MATERIAL STRING . paramlist

    $défaut  réduction par utilisation de la règle 20 (paramlist_init)

    paramlist       aller à l'état 90
    paramlist_init  aller à l'état 78


État 61

   45 pbrt_stmt: MEDIUMINTERFACE STRING .
   46          | MEDIUMINTERFACE STRING . STRING

    STRING  décalage et aller à l'état 91

    $défaut  réduction par utilisation de la règle 45 (pbrt_stmt)


État 62

   47 pbrt_stmt: NAMEDMATERIAL STRING .

    $défaut  réduction par utilisation de la règle 47 (pbrt_stmt)


État 63

   48 pbrt_stmt: OBJECTBEGIN STRING .

    $défaut  réduction par utilisation de la règle 48 (pbrt_stmt)


État 64

   50 pbrt_stmt: OBJECTINSTANCE STRING .

    $défaut  réduction par utilisation de la règle 50 (pbrt_stmt)


État 65

   51 pbrt_stmt: PIXELFILTER STRING . paramlist

    $défaut  réduction par utilisation de la règle 20 (paramlist_init)

    paramlist       aller à l'état 92
    paramlist_init  aller à l'état 78


État 66

   53 pbrt_stmt: ROTATE NUM . NUM NUM NUM

    NUM  décalage et aller à l'état 93


État 67

   54 pbrt_stmt: SAMPLER STRING . paramlist

    $défaut  réduction par utilisation de la règle 20 (paramlist_init)

    paramlist       aller à l'état 94
    paramlist_init  aller à l'état 78


État 68

   56 pbrt_stmt: SCALE NUM . NUM NUM

    NUM  décalage et aller à l'état 95


État 69

   57 pbrt_stmt: SHAPE STRING . paramlist

    $défaut  réduction par utilisation de la règle 20 (paramlist_init)

    paramlist       aller à l'état 96
    paramlist_init  aller à l'état 78


État 70

   58 pbrt_stmt: INTEGRATOR STRING . paramlist

    $défaut  réduction par utilisation de la règle 20 (paramlist_init)

    paramlist       aller à l'état 97
    paramlist_init  aller à l'état 78


État 71

   59 pbrt_stmt: TEXTURE STRING . STRING STRING paramlist

    STRING  décalage et aller à l'état 98


État 72

   62 pbrt_stmt: TRANSFORMTIMES NUM . NUM

    NUM  décalage et aller à l'état 99


État 73

   63 pbrt_stmt: TRANSFORM num_array .

    $défaut  réduction par utilisation de la règle 63 (pbrt_stmt)


État 74

   64 pbrt_stmt: TRANSLATE NUM . NUM NUM

    NUM  décalage et aller à l'état 100


État 75

    0 $accept: start $end .

    $défaut  accepter


État 76

   24 pbrt_stmt_list: pbrt_stmt_list pbrt_stmt .

    $défaut  réduction par utilisation de la règle 24 (pbrt_stmt_list)


État 77

   26 pbrt_stmt: ACCELERATOR STRING paramlist .

    $défaut  réduction par utilisation de la règle 26 (pbrt_stmt)


État 78

   19 paramlist: paramlist_init . paramlist_contents

    STRING  décalage et aller à l'état 101

    $défaut  réduction par utilisation de la règle 22 (paramlist_contents)

    paramlist_contents  aller à l'état 102
    paramlist_entry     aller à l'état 103


État 79

   30 pbrt_stmt: AREALIGHTSOURCE STRING paramlist .

    $défaut  réduction par utilisation de la règle 30 (pbrt_stmt)


État 80

   33 pbrt_stmt: CAMERA STRING paramlist .

    $défaut  réduction par utilisation de la règle 33 (pbrt_stmt)


État 81

   13 num_array: array_init LBRACK . num_list RBRACK

    $défaut  réduction par utilisation de la règle 4 (num_array_init)

    num_array_init  aller à l'état 82
    num_list        aller à l'état 104
    num_list_entry  aller à l'état 105


État 82

   18 num_list_entry: num_array_init . NUM

    NUM  décalage et aller à l'état 106


État 83

   15 single_element_num_array: array_init num_list_entry .

    $défaut  réduction par utilisation de la règle 15 (single_element_num_array)


État 84

   55 pbrt_stmt: EXTRACTOR STRING paramlist .

    $défaut  réduction par utilisation de la règle 55 (pbrt_stmt)


État 85

   37 pbrt_stmt: FILM STRING paramlist .

    $défaut  réduction par utilisation de la règle 37 (pbrt_stmt)


État 86

   40 pbrt_stmt: LIGHTSOURCE STRING paramlist .

    $défaut  réduction par utilisation de la règle 40 (pbrt_stmt)


État 87

   41 pbrt_stmt: LOOKAT NUM NUM . NUM NUM NUM NUM NUM NUM NUM

    NUM  décalage et aller à l'état 107


État 88

   42 pbrt_stmt: MAKENAMEDMATERIAL STRING paramlist .

    $défaut  réduction par utilisation de la règle 42 (pbrt_stmt)


État 89

   43 pbrt_stmt: MAKENAMEDMEDIUM STRING paramlist .

    $défaut  réduction par utilisation de la règle 43 (pbrt_stmt)


État 90

   44 pbrt_stmt: MATERIAL STRING paramlist .

    $défaut  réduction par utilisation de la règle 44 (pbrt_stmt)


État 91

   46 pbrt_stmt: MEDIUMINTERFACE STRING STRING .

    $défaut  réduction par utilisation de la règle 46 (pbrt_stmt)


État 92

   51 pbrt_stmt: PIXELFILTER STRING paramlist .

    $défaut  réduction par utilisation de la règle 51 (pbrt_stmt)


État 93

   53 pbrt_stmt: ROTATE NUM NUM . NUM NUM

    NUM  décalage et aller à l'état 108


État 94

   54 pbrt_stmt: SAMPLER STRING paramlist .

    $défaut  réduction par utilisation de la règle 54 (pbrt_stmt)


État 95

   56 pbrt_stmt: SCALE NUM NUM . NUM

    NUM  décalage et aller à l'état 109


État 96

   57 pbrt_stmt: SHAPE STRING paramlist .

    $défaut  réduction par utilisation de la règle 57 (pbrt_stmt)


État 97

   58 pbrt_stmt: INTEGRATOR STRING paramlist .

    $défaut  réduction par utilisation de la règle 58 (pbrt_stmt)


État 98

   59 pbrt_stmt: TEXTURE STRING STRING . STRING paramlist

    STRING  décalage et aller à l'état 110


État 99

   62 pbrt_stmt: TRANSFORMTIMES NUM NUM .

    $défaut  réduction par utilisation de la règle 62 (pbrt_stmt)


État 100

   64 pbrt_stmt: TRANSLATE NUM NUM . NUM

    NUM  décalage et aller à l'état 111


État 101

   23 paramlist_entry: STRING . array

    $défaut  réduction par utilisation de la règle 2 (array_init)

    array_init                   aller à l'état 112
    array                        aller à l'état 113
    string_array                 aller à l'état 114
    single_element_string_array  aller à l'état 115
    num_array                    aller à l'état 116
    single_element_num_array     aller à l'état 50


État 102

   19 paramlist: paramlist_init paramlist_contents .

    $défaut  réduction par utilisation de la règle 19 (paramlist)


État 103

   21 paramlist_contents: paramlist_entry . paramlist_contents

    STRING  décalage et aller à l'état 101

    $défaut  réduction par utilisation de la règle 22 (paramlist_contents)

    paramlist_contents  aller à l'état 117
    paramlist_entry     aller à l'état 103


État 104

   13 num_array: array_init LBRACK num_list . RBRACK
   16 num_list: num_list . num_list_entry

    RBRACK  décalage et aller à l'état 118

    $défaut  réduction par utilisation de la règle 4 (num_array_init)

    num_array_init  aller à l'état 82
    num_list_entry  aller à l'état 119


État 105

   17 num_list: num_list_entry .

    $défaut  réduction par utilisation de la règle 17 (num_list)


État 106

   18 num_list_entry: num_array_init NUM .

    $défaut  réduction par utilisation de la règle 18 (num_list_entry)


État 107

   41 pbrt_stmt: LOOKAT NUM NUM NUM . NUM NUM NUM NUM NUM NUM

    NUM  décalage et aller à l'état 120


État 108

   53 pbrt_stmt: ROTATE NUM NUM NUM . NUM

    NUM  décalage et aller à l'état 121


État 109

   56 pbrt_stmt: SCALE NUM NUM NUM .

    $défaut  réduction par utilisation de la règle 56 (pbrt_stmt)


État 110

   59 pbrt_stmt: TEXTURE STRING STRING STRING . paramlist

    $défaut  réduction par utilisation de la règle 20 (paramlist_init)

    paramlist       aller à l'état 122
    paramlist_init  aller à l'état 78


État 111

   64 pbrt_stmt: TRANSLATE NUM NUM NUM .

    $défaut  réduction par utilisation de la règle 64 (pbrt_stmt)


État 112

    7 string_array: array_init . LBRACK string_list RBRACK
    9 single_element_string_array: array_init . string_list_entry
   13 num_array: array_init . LBRACK num_list RBRACK
   15 single_element_num_array: array_init . num_list_entry

    LBRACK  décalage et aller à l'état 123

    NUM       réduction par utilisation de la règle 4 (num_array_init)
    $défaut  réduction par utilisation de la règle 3 (string_array_init)

    string_array_init  aller à l'état 124
    num_array_init     aller à l'état 82
    string_list_entry  aller à l'état 125
    num_list_entry     aller à l'état 83


État 113

   23 paramlist_entry: STRING array .

    $défaut  réduction par utilisation de la règle 23 (paramlist_entry)


État 114

    5 array: string_array .

    $défaut  réduction par utilisation de la règle 5 (array)


État 115

    8 string_array: single_element_string_array .

    $défaut  réduction par utilisation de la règle 8 (string_array)


État 116

    6 array: num_array .

    $défaut  réduction par utilisation de la règle 6 (array)


État 117

   21 paramlist_contents: paramlist_entry paramlist_contents .

    $défaut  réduction par utilisation de la règle 21 (paramlist_contents)


État 118

   13 num_array: array_init LBRACK num_list RBRACK .

    $défaut  réduction par utilisation de la règle 13 (num_array)


État 119

   16 num_list: num_list num_list_entry .

    $défaut  réduction par utilisation de la règle 16 (num_list)


État 120

   41 pbrt_stmt: LOOKAT NUM NUM NUM NUM . NUM NUM NUM NUM NUM

    NUM  décalage et aller à l'état 126


État 121

   53 pbrt_stmt: ROTATE NUM NUM NUM NUM .

    $défaut  réduction par utilisation de la règle 53 (pbrt_stmt)


État 122

   59 pbrt_stmt: TEXTURE STRING STRING STRING paramlist .

    $défaut  réduction par utilisation de la règle 59 (pbrt_stmt)


État 123

    7 string_array: array_init LBRACK . string_list RBRACK
   13 num_array: array_init LBRACK . num_list RBRACK

    NUM       réduction par utilisation de la règle 4 (num_array_init)
    $défaut  réduction par utilisation de la règle 3 (string_array_init)

    string_array_init  aller à l'état 124
    num_array_init     aller à l'état 82
    string_list        aller à l'état 127
    string_list_entry  aller à l'état 128
    num_list           aller à l'état 104
    num_list_entry     aller à l'état 105


État 124

   12 string_list_entry: string_array_init . STRING

    STRING  décalage et aller à l'état 129


État 125

    9 single_element_string_array: array_init string_list_entry .

    $défaut  réduction par utilisation de la règle 9 (single_element_string_array)


État 126

   41 pbrt_stmt: LOOKAT NUM NUM NUM NUM NUM . NUM NUM NUM NUM

    NUM  décalage et aller à l'état 130


État 127

    7 string_array: array_init LBRACK string_list . RBRACK
   10 string_list: string_list . string_list_entry

    RBRACK  décalage et aller à l'état 131

    $défaut  réduction par utilisation de la règle 3 (string_array_init)

    string_array_init  aller à l'état 124
    string_list_entry  aller à l'état 132


État 128

   11 string_list: string_list_entry .

    $défaut  réduction par utilisation de la règle 11 (string_list)


État 129

   12 string_list_entry: string_array_init STRING .

    $défaut  réduction par utilisation de la règle 12 (string_list_entry)


État 130

   41 pbrt_stmt: LOOKAT NUM NUM NUM NUM NUM NUM . NUM NUM NUM

    NUM  décalage et aller à l'état 133


État 131

    7 string_array: array_init LBRACK string_list RBRACK .

    $défaut  réduction par utilisation de la règle 7 (string_array)


État 132

   10 string_list: string_list string_list_entry .

    $défaut  réduction par utilisation de la règle 10 (string_list)


État 133

   41 pbrt_stmt: LOOKAT NUM NUM NUM NUM NUM NUM NUM . NUM NUM

    NUM  décalage et aller à l'état 134


État 134

   41 pbrt_stmt: LOOKAT NUM NUM NUM NUM NUM NUM NUM NUM . NUM

    NUM  décalage et aller à l'état 135


État 135

   41 pbrt_stmt: LOOKAT NUM NUM NUM NUM NUM NUM NUM NUM NUM .

    $défaut  réduction par utilisation de la règle 41 (pbrt_stmt)
